<?xml version="1.0" encoding="UTF-8"?>
<testng-results ignored="0" total="1" passed="1" failed="0" skipped="0">
  <reporter-output>
  </reporter-output>
  <suite started-at="2024-07-15T20:19:05 IST" name="Suite" finished-at="2024-07-15T20:19:22 IST" duration-ms="17740">
    <groups>
    </groups>
    <test started-at="2024-07-15T20:19:05 IST" name="Test" finished-at="2024-07-15T20:19:22 IST" duration-ms="17740">
      <class name="Module1_login_Test.SwagLabsLoginTest">
        <test-method is-config="true" signature="openBrowser()[pri:0, instance:Module1_login_Test.SwagLabsLoginTest@4d9e68d0]" started-at="2024-07-15T20:19:05 IST" name="openBrowser" finished-at="2024-07-15T20:19:07 IST" duration-ms="2613" status="PASS">
          <reporter-output>
          </reporter-output>
        </test-method> <!-- openBrowser -->
        <test-method is-config="true" signature="loginToApp()[pri:0, instance:Module1_login_Test.SwagLabsLoginTest@4d9e68d0]" started-at="2024-07-15T20:19:07 IST" name="loginToApp" finished-at="2024-07-15T20:19:14 IST" duration-ms="6332" status="PASS">
          <reporter-output>
          </reporter-output>
        </test-method> <!-- loginToApp -->
        <test-method signature="verifyLogo()[pri:0, instance:Module1_login_Test.SwagLabsLoginTest@4d9e68d0]" started-at="2024-07-15T20:19:14 IST" name="verifyLogo" finished-at="2024-07-15T20:19:16 IST" duration-ms="2932" status="PASS">
          <reporter-output>
          </reporter-output>
        </test-method> <!-- verifyLogo -->
        <test-method is-config="true" signature="logoutFromoApp(org.testng.ITestResult)[pri:0, instance:Module1_login_Test.SwagLabsLoginTest@4d9e68d0]" started-at="2024-07-15T20:19:16 IST" name="logoutFromoApp" finished-at="2024-07-15T20:19:21 IST" duration-ms="4110" status="PASS">
          <params>
            <param index="0">
              <value>
                <![CDATA[[TestResult name=verifyLogo status=SUCCESS method=SwagLabsLoginTest.verifyLogo()[pri:0, instance:Module1_login_Test.SwagLabsLoginTest@4d9e68d0] output={null}]]]>
              </value>
            </param>
          </params>
          <reporter-output>
          </reporter-output>
        </test-method> <!-- logoutFromoApp -->
        <test-method is-config="true" signature="closeBrowser()[pri:0, instance:Module1_login_Test.SwagLabsLoginTest@4d9e68d0]" started-at="2024-07-15T20:19:21 IST" name="closeBrowser" finished-at="2024-07-15T20:19:22 IST" duration-ms="1726" status="PASS">
          <reporter-output>
          </reporter-output>
        </test-method> <!-- closeBrowser -->
      </class> <!-- Module1_login_Test.SwagLabsLoginTest -->
    </test> <!-- Test -->
  </suite> <!-- Suite -->
</testng-results>
